INFO 2015-10-30 13:18:22,699 signals: Student added: Яків Гарбуз (ID: 33)
INFO 2015-10-30 13:18:56,265 signals: Student updated: Олексій Нечипорук (ID: 15)
ERROR 2015-10-30 15:31:56,410 contact_admin: hggh
Traceback (most recent call last):
  File "/home/travelist/venv/studentsdb/src/studentsdb/students/views/contact_admin.py", line 58, in contact_admin
    send_mail(subject, message, from_email, [ADMIN_EMAIL], fail_silently=False)
  File "/home/travelist/venv/studentsdb/local/lib/python2.7/site-packages/django/core/mail/__init__.py", line 62, in send_mail
    return mail.send()
  File "/home/travelist/venv/studentsdb/local/lib/python2.7/site-packages/django/core/mail/message.py", line 303, in send
    return self.get_connection(fail_silently).send_messages([self])
  File "/home/travelist/venv/studentsdb/local/lib/python2.7/site-packages/django/core/mail/backends/smtp.py", line 107, in send_messages
    sent = self._send(message)
  File "/home/travelist/venv/studentsdb/local/lib/python2.7/site-packages/django/core/mail/backends/smtp.py", line 123, in _send
    self.connection.sendmail(from_email, recipients, message.as_bytes(linesep='\r\n'))
  File "/usr/lib/python2.7/smtplib.py", line 731, in sendmail
    raise SMTPSenderRefused(code, resp, from_addr)
SMTPSenderRefused: (530, '5.5.1 Authentication Required. Learn more at\n5.5.1  https://support.google.com/mail/answer/14257 zc3sm575036lbb.38 - gsmtp', u'p_etros@mail.ru')
INFO 2015-10-31 15:33:57,020 signals: Student updated: Stepan Perekotypole (ID: 6)
INFO 2015-10-31 21:31:14,826 signals: Student deleted: Stepan Perekotypole (ID: 6)
INFO 2015-11-06 10:01:59,343 signals: Student deleted: Анатолій Ромакін (ID: 11)
INFO 2015-11-12 08:13:18,733 signals: Student added: Vitaliy2 Podoba2 (ID: 34)
INFO 2015-11-12 08:20:10,228 signals: Student added: Vitaliy2 Podoba2 (ID: 35)
INFO 2015-11-12 08:22:11,395 signals: Student added: Vitaliy2 Podoba2 (ID: 36)
INFO 2015-11-12 08:22:11,420 signals: Student added: Vitaliy2 Podoba2 (ID: 37)
INFO 2015-11-12 08:22:11,447 signals: Student added: Vitaliy2 Podoba2 (ID: 38)
INFO 2015-11-12 08:25:15,237 signals: Student added: Vitaliy2 Podoba2 (ID: 39)
INFO 2015-11-12 08:25:24,184 signals: Student added: Vitaliy2 Podoba2 (ID: 40)
INFO 2015-11-12 08:28:13,323 signals: Student added: Vitaliy2 Podoba2 (ID: 41)
INFO 2015-11-12 08:28:13,357 signals: Student added: Vitaliy2 Podoba2 (ID: 42)
INFO 2015-11-12 08:28:13,390 signals: Student added: Vitaliy2 Podoba2 (ID: 43)
INFO 2015-11-12 08:46:00,496 signals: Student added: jhdssdh gthshik (ID: 44)
INFO 2015-11-12 08:46:00,522 signals: Student added: dndkihs gdishth (ID: 45)
INFO 2015-11-12 08:49:03,334 signals: Student added: jTest_sTest_sTest_hTest_iTest_gTest_k hTest_kTest_hTest_iTest_nTest_gTest_d (ID: 46)
INFO 2015-11-12 08:49:03,359 signals: Student added: rTest_sTest_iTest_jTest_aTest_hTest_g hTest_sTest_iTest_dTest_hTest_nTest_j (ID: 47)
INFO 2015-11-12 08:50:11,074 signals: Student added: ddgnkjs jshntsg (ID: 48)
INFO 2015-11-12 08:50:11,100 signals: Student added: kstsajj snhsjtk (ID: 49)
INFO 2015-11-12 08:56:19,786 signals: Student added: skhgjis tkdnhss (ID: 50)
INFO 2015-11-12 08:56:19,820 signals: Student added: hrsnjas sddsjrh (ID: 51)
INFO 2015-11-12 08:56:19,921 signals: Student added: dnsajhs tghrssh (ID: 52)
INFO 2015-11-12 09:09:34,109 signals: Student added: drhjign jthsirh (ID: 53)
INFO 2015-11-12 09:09:34,143 signals: Student added: djskhsd ksnrhdd (ID: 54)
INFO 2015-11-12 09:09:39,096 signals: Student added: shhjntd ihhkdrd (ID: 55)
INFO 2015-11-12 09:09:39,121 signals: Student added: dhdnhji jshngir (ID: 56)
INFO 2015-11-12 09:09:39,146 signals: Student added: atjssdj irgksjd (ID: 57)
INFO 2015-11-12 09:09:39,172 signals: Student added: rndssjj shgshhi (ID: 58)
INFO 2015-11-12 09:09:39,197 signals: Student added: asrnsgt sdnkgis (ID: 59)
INFO 2015-11-12 09:28:38,919 signals: Student added: dshdjha drgsndk (ID: 60)
INFO 2015-11-12 09:28:38,956 signals: Student added: jhhkirj hhsgtjd (ID: 61)
INFO 2015-11-12 10:38:39,555 signals: Student deleted: jhhkirj hhsgtjd (ID: 61)
INFO 2015-11-12 10:38:39,555 signals: Student deleted: dshdjha drgsndk (ID: 60)
INFO 2015-11-12 10:38:39,555 signals: Student deleted: atjssdj irgksjd (ID: 57)
INFO 2015-11-12 10:38:39,555 signals: Student deleted: dhdnhji jshngir (ID: 56)
INFO 2015-11-12 10:38:39,555 signals: Student deleted: shhjntd ihhkdrd (ID: 55)
INFO 2015-11-12 10:38:39,556 signals: Student deleted: ddgnkjs jshntsg (ID: 48)
INFO 2015-11-12 10:38:39,556 signals: Student deleted: rTest_sTest_iTest_jTest_aTest_hTest_g hTest_sTest_iTest_dTest_hTest_nTest_j (ID: 47)
INFO 2015-11-12 10:38:39,556 signals: Student deleted: jTest_sTest_sTest_hTest_iTest_gTest_k hTest_kTest_hTest_iTest_nTest_gTest_d (ID: 46)
INFO 2015-11-12 10:38:39,556 signals: Student deleted: dndkihs gdishth (ID: 45)
INFO 2015-11-12 10:38:39,556 signals: Student deleted: jhdssdh gthshik (ID: 44)
INFO 2015-11-12 10:39:13,235 signals: Student deleted: djskhsd ksnrhdd (ID: 54)
INFO 2015-11-12 10:39:13,236 signals: Student deleted: drhjign jthsirh (ID: 53)
INFO 2015-11-12 10:39:13,236 signals: Student deleted: Vitaliy2 Podoba2 (ID: 43)
INFO 2015-11-12 10:39:13,236 signals: Student deleted: Vitaliy2 Podoba2 (ID: 42)
INFO 2015-11-12 10:39:13,236 signals: Student deleted: Vitaliy2 Podoba2 (ID: 41)
INFO 2015-11-12 10:39:13,236 signals: Student deleted: Vitaliy2 Podoba2 (ID: 40)
INFO 2015-11-12 10:39:13,236 signals: Student deleted: Vitaliy2 Podoba2 (ID: 39)
INFO 2015-11-12 10:39:13,237 signals: Student deleted: Vitaliy2 Podoba2 (ID: 38)
INFO 2015-11-12 10:39:13,237 signals: Student deleted: Vitaliy2 Podoba2 (ID: 37)
INFO 2015-11-12 10:39:35,553 signals: Student deleted: asrnsgt sdnkgis (ID: 59)
INFO 2015-11-12 10:39:35,553 signals: Student deleted: rndssjj shgshhi (ID: 58)
INFO 2015-11-12 10:39:35,554 signals: Student deleted: dnsajhs tghrssh (ID: 52)
INFO 2015-11-12 10:39:35,554 signals: Student deleted: hrsnjas sddsjrh (ID: 51)
INFO 2015-11-12 10:39:35,554 signals: Student deleted: skhgjis tkdnhss (ID: 50)
INFO 2015-11-12 10:39:35,554 signals: Student deleted: kstsajj snhsjtk (ID: 49)
INFO 2015-11-12 10:39:35,554 signals: Student deleted: Vitaliy2 Podoba2 (ID: 36)
INFO 2015-11-12 10:39:35,555 signals: Student deleted: Vitaliy2 Podoba2 (ID: 35)
INFO 2015-11-12 10:39:35,555 signals: Student deleted: Vitaliy2 Podoba2 (ID: 34)
INFO 2016-01-21 10:20:48,245 signals: Student added: Ігор Бех (ID: 1)
INFO 2016-01-21 10:21:46,232 signals: Student added: Ігор Ромакін (ID: 2)
INFO 2016-01-21 10:22:28,311 signals: Student added: Василь Янукович (ID: 3)
INFO 2016-01-21 10:23:12,302 signals: Student added: Аркадій Андропов (ID: 4)
INFO 2016-01-21 10:24:40,110 signals: Student added: Роман Скрипін (ID: 5)
INFO 2016-01-21 10:25:47,421 signals: Student added: Іван Іванов (ID: 6)
INFO 2016-01-21 10:26:57,680 signals: Student added: Галина Прядко (ID: 7)
INFO 2016-01-21 10:28:14,465 signals: Student added: Ярослав Демчишин (ID: 8)
INFO 2016-01-21 10:29:11,636 signals: Student added: Олексій Нечипорук (ID: 9)
INFO 2016-01-21 10:30:55,928 signals: Student updated: Олексій Нечипорук (ID: 9)
INFO 2016-01-21 10:31:32,625 signals: Student updated: Галина Прядко (ID: 7)
INFO 2016-01-21 10:32:06,892 signals: Student updated: Ігор Ромакін (ID: 2)
INFO 2016-01-21 13:24:45,688 signals: Student updated: Аркадій Андропов (ID: 4)
INFO 2016-01-22 08:25:01,525 signals: Student updated: Аркадій Андропов (ID: 4)
INFO 2016-01-22 09:25:24,288 signals: Student updated: Аркадій Андропов (ID: 4)
INFO 2016-01-22 09:26:42,302 signals: Student added: Василь Васюкін (ID: 10)
INFO 2016-01-22 09:37:50,869 signals: Student added: Семен Торбенко (ID: 11)
INFO 2016-01-22 09:38:00,302 signals: Student updated: Аркадій Андропов (ID: 4)
INFO 2016-01-22 09:41:35,023 signals: Student updated: Аркадій Андропов (ID: 4)
INFO 2016-01-22 09:43:43,475 signals: Student updated: Аркадій Андропов (ID: 4)
INFO 2016-01-22 09:50:36,182 signals: Student updated: Василь Васюкін (ID: 10)
INFO 2016-01-22 09:57:02,072 signals: Student updated: Ігор Бех (ID: 1)
INFO 2016-01-22 09:58:43,740 signals: Student updated: Василь Васюкін (ID: 10)
INFO 2016-01-22 10:06:02,124 signals: Student updated: Аркадій Андропов (ID: 4)
INFO 2016-01-22 10:16:32,257 signals: Student updated: Аркадій Андропов (ID: 4)
INFO 2016-01-22 10:20:34,416 signals: Student updated: Аркадій Андропов (ID: 4)
INFO 2016-01-22 10:21:29,697 signals: Student updated: Ігор Бех (ID: 1)
INFO 2016-01-22 10:22:57,976 signals: Student updated: Аркадій Андропов (ID: 4)
INFO 2016-01-22 10:26:56,594 signals: Student updated: Василь Васюкін (ID: 10)
INFO 2016-01-22 10:28:11,987 signals: Student updated: Аркадій Андропов (ID: 4)
INFO 2016-01-22 10:30:43,219 signals: Student updated: Василь Васюкін (ID: 10)
INFO 2016-01-22 10:36:36,031 signals: Student updated: Ігор Бех (ID: 1)
INFO 2016-01-22 10:39:23,818 signals: Student updated: Аркадій Андропов (ID: 4)
INFO 2016-01-22 10:39:42,620 signals: Student updated: Василь Васюкін (ID: 10)
INFO 2016-01-22 10:41:28,286 signals: Student added: Євген Хапуга (ID: 12)
INFO 2016-01-22 10:43:00,580 signals: Student updated: Ігор Бех (ID: 1)
INFO 2016-01-22 12:10:20,246 signals: Student updated: Євген Халтурович (ID: 12)
INFO 2016-01-22 18:17:35,298 signals: Student updated: Роман Скрипін (ID: 5)
INFO 2016-01-23 14:13:14,414 signals: Student added: Арсеній Яценюк (ID: 13)
